2024-05-19 23:28:46,833 - root - INFO - Logging setup complete.
2024-05-19 23:28:46,833 - root - INFO - Configuration loaded.
2024-05-19 23:28:47,271 - root - INFO - WebDriver setup complete.
2024-05-19 23:28:47,284 - root - INFO - Checking https://www.crownbio.com/model-systems/in-vitro/organoids for schema analysis...
2024-05-19 23:28:49,440 - root - INFO - 
=== Url ===
2024-05-19 23:28:49,440 - root - INFO - h
2024-05-19 23:28:49,440 - root - INFO - t
2024-05-19 23:28:49,441 - root - INFO - t
2024-05-19 23:28:49,441 - root - INFO - p
2024-05-19 23:28:49,441 - root - INFO - s
2024-05-19 23:28:49,441 - root - INFO - :
2024-05-19 23:28:49,441 - root - INFO - /
2024-05-19 23:28:49,441 - root - INFO - /
2024-05-19 23:28:49,441 - root - INFO - w
2024-05-19 23:28:49,441 - root - INFO - w
2024-05-19 23:28:49,441 - root - INFO - w
2024-05-19 23:28:49,441 - root - INFO - .
2024-05-19 23:28:49,441 - root - INFO - c
2024-05-19 23:28:49,441 - root - INFO - r
2024-05-19 23:28:49,441 - root - INFO - o
2024-05-19 23:28:49,441 - root - INFO - w
2024-05-19 23:28:49,441 - root - INFO - n
2024-05-19 23:28:49,441 - root - INFO - b
2024-05-19 23:28:49,441 - root - INFO - i
2024-05-19 23:28:49,441 - root - INFO - o
2024-05-19 23:28:49,441 - root - INFO - .
2024-05-19 23:28:49,441 - root - INFO - c
2024-05-19 23:28:49,441 - root - INFO - o
2024-05-19 23:28:49,441 - root - INFO - m
2024-05-19 23:28:49,441 - root - INFO - /
2024-05-19 23:28:49,441 - root - INFO - m
2024-05-19 23:28:49,441 - root - INFO - o
2024-05-19 23:28:49,441 - root - INFO - d
2024-05-19 23:28:49,441 - root - INFO - e
2024-05-19 23:28:49,441 - root - INFO - l
2024-05-19 23:28:49,441 - root - INFO - -
2024-05-19 23:28:49,441 - root - INFO - s
2024-05-19 23:28:49,441 - root - INFO - y
2024-05-19 23:28:49,441 - root - INFO - s
2024-05-19 23:28:49,441 - root - INFO - t
2024-05-19 23:28:49,441 - root - INFO - e
2024-05-19 23:28:49,441 - root - INFO - m
2024-05-19 23:28:49,441 - root - INFO - s
2024-05-19 23:28:49,441 - root - INFO - /
2024-05-19 23:28:49,441 - root - INFO - i
2024-05-19 23:28:49,441 - root - INFO - n
2024-05-19 23:28:49,441 - root - INFO - -
2024-05-19 23:28:49,441 - root - INFO - v
2024-05-19 23:28:49,441 - root - INFO - i
2024-05-19 23:28:49,441 - root - INFO - t
2024-05-19 23:28:49,441 - root - INFO - r
2024-05-19 23:28:49,441 - root - INFO - o
2024-05-19 23:28:49,441 - root - INFO - /
2024-05-19 23:28:49,441 - root - INFO - o
2024-05-19 23:28:49,441 - root - INFO - r
2024-05-19 23:28:49,441 - root - INFO - g
2024-05-19 23:28:49,442 - root - INFO - a
2024-05-19 23:28:49,442 - root - INFO - n
2024-05-19 23:28:49,442 - root - INFO - o
2024-05-19 23:28:49,442 - root - INFO - i
2024-05-19 23:28:49,442 - root - INFO - d
2024-05-19 23:28:49,442 - root - INFO - s
2024-05-19 23:28:49,442 - root - INFO - 
=== Schema Data ===
2024-05-19 23:28:49,442 - root - INFO - Schema Report generated and saved to ./reports/www_crownbio_com_model_systems_in_vitro_organoids/schema_audit_20240519_232849.txt.
2024-05-19 23:28:49,442 - root - INFO - JSON report saved to ./reports/www_crownbio_com_model_systems_in_vitro_organoids/schema_audit_20240519_232849.json
