2024-05-19 12:46:28,139 - root - INFO - Logging setup complete.
2024-05-19 12:46:28,538 - root - INFO - WebDriver setup complete.
2024-05-19 12:46:28,538 - root - INFO - Checking https://www.crownbio.com/ for issues...
2024-05-19 12:46:31,340 - root - INFO - Extracted 0 trackers for pattern 'analytics.js'.
2024-05-19 12:46:31,340 - root - INFO - Found 0 duplicate scripts.
2024-05-19 12:46:31,651 - root - INFO - Extracted 0 trackers for pattern 'gtag/js'.
2024-05-19 12:46:31,651 - root - INFO - Found 0 duplicate scripts.
2024-05-19 12:46:31,978 - root - INFO - Extracted 0 trackers for pattern 'hs-scripts.com'.
2024-05-19 12:46:31,978 - root - INFO - Found 0 duplicate scripts.
2024-05-19 12:46:32,310 - root - INFO - Extracted 0 trackers for pattern 'hotjar.com'.
2024-05-19 12:46:32,310 - root - INFO - Found 0 duplicate scripts.
2024-05-19 12:46:32,653 - root - INFO - Extracted 0 trackers for pattern 'googletagmanager.com/gtm.js'.
2024-05-19 12:46:32,653 - root - INFO - Found 0 duplicate scripts.
2024-05-19 12:46:32,653 - root - INFO - No duplicate tracking codes detected.
2024-05-19 12:46:32,956 - root - INFO - Extracted 34 scripts.
2024-05-19 12:46:32,958 - root - INFO - Checked JS versions: ['1.7.1'].
2024-05-19 12:46:32,962 - root - INFO - Checked config issues: [].
2024-05-19 12:46:32,966 - root - INFO - Checked analytics config issues: ['Analytics tracking code not found or misconfigured.'].
2024-05-19 12:46:32,967 - root - INFO - Multiple jQuery versions found: 1.7.1
2024-05-19 12:46:32,967 - root - INFO - Analytics tracking code not found or misconfigured.
2024-05-19 12:46:33,238 - root - INFO - Extracted 25 inline scripts.
2024-05-19 12:46:33,364 - root - INFO - Extracted 15 CSS files.
2024-05-19 12:47:03,479 - root - INFO - Checked deprecated HTML issues: [].
2024-05-19 12:47:03,480 - root - INFO - Performance metrics for https://www.crownbio.com/: {'load_time': '1.2s', 'first_contentful_paint': '0.8s', 'speed_index': '1.0s'}.
2024-05-19 12:47:13,539 - root - INFO - SEO issues: ['Missing H1 tag'].
2024-05-19 12:47:13,554 - root - INFO - Accessibility issues: ['Found 2 images without alt attributes'].
2024-05-19 12:47:13,554 - root - ERROR - An error occurred: name 'By' is not defined
