2024-05-19 12:52:30,324 - root - INFO - Logging setup complete.
2024-05-19 12:52:30,814 - root - INFO - WebDriver setup complete.
2024-05-19 12:52:30,817 - root - INFO - Checking https://www.crownbio.com/ for issues...
2024-05-19 12:52:34,198 - root - INFO - Extracted 0 trackers for pattern 'analytics.js'.
2024-05-19 12:52:34,198 - root - INFO - Found 0 duplicate scripts.
2024-05-19 12:52:34,523 - root - INFO - Extracted 0 trackers for pattern 'gtag/js'.
2024-05-19 12:52:34,524 - root - INFO - Found 0 duplicate scripts.
2024-05-19 12:52:34,825 - root - INFO - Extracted 0 trackers for pattern 'hs-scripts.com'.
2024-05-19 12:52:34,825 - root - INFO - Found 0 duplicate scripts.
2024-05-19 12:52:35,114 - root - INFO - Extracted 0 trackers for pattern 'hotjar.com'.
2024-05-19 12:52:35,114 - root - INFO - Found 0 duplicate scripts.
2024-05-19 12:52:35,470 - root - INFO - Extracted 0 trackers for pattern 'googletagmanager.com/gtm.js'.
2024-05-19 12:52:35,470 - root - INFO - Found 0 duplicate scripts.
2024-05-19 12:52:35,470 - root - INFO - No duplicate tracking codes detected.
2024-05-19 12:52:35,843 - root - INFO - Extracted 34 scripts.
2024-05-19 12:52:35,845 - root - INFO - Checked JS versions: ['1.7.1'].
2024-05-19 12:52:35,847 - root - INFO - Checked config issues: [].
2024-05-19 12:52:35,850 - root - INFO - Checked analytics config issues: ['Analytics tracking code not found or misconfigured.'].
2024-05-19 12:52:35,850 - root - INFO - Multiple jQuery versions found: 1.7.1
2024-05-19 12:52:35,850 - root - INFO - Analytics tracking code not found or misconfigured.
2024-05-19 12:52:36,195 - root - INFO - Extracted 25 inline scripts.
2024-05-19 12:52:36,327 - root - INFO - Extracted 15 CSS files.
2024-05-19 12:53:06,459 - root - INFO - Checked deprecated HTML issues: [].
2024-05-19 12:53:06,459 - root - INFO - Performance metrics for https://www.crownbio.com/: {'load_time': '1.2s', 'first_contentful_paint': '0.8s', 'speed_index': '1.0s'}.
2024-05-19 12:53:16,484 - root - INFO - SEO issues: ['Missing H1 tag'].
2024-05-19 12:53:16,488 - root - INFO - Accessibility issues: ['Found 2 images without alt attributes'].
